{"uid":"c927e262143b1593","name":"test01_veryfi_title","fullName":"sanity.SaucedemoWeb.test01","historyId":"36bad93750963a2ae46035258a11634a","time":{"start":1669618975649,"stop":1669618977424,"duration":1775},"status":"failed","statusMessage":"expected [PR1ODUCTS] but found [PRODUCTS]","statusTrace":"java.lang.AssertionError: expected [PR1ODUCTS] but found [PRODUCTS]\r\n\tat org.testng.Assert.fail(Assert.java:97)\r\n\tat org.testng.Assert.assertEqualsImpl(Assert.java:136)\r\n\tat org.testng.Assert.assertEquals(Assert.java:118)\r\n\tat org.testng.Assert.assertEquals(Assert.java:575)\r\n\tat org.testng.Assert.assertEquals(Assert.java:585)\r\n\tat extensions.Verfications.veryfiTextElements(Verfications.java:13)\r\n\tat sanity.SaucedemoWeb.test01(SaucedemoWeb.java:15)\r\n\tat sun.reflect.NativeMethodAccessorImpl.invoke0(Native Method)\r\n\tat sun.reflect.NativeMethodAccessorImpl.invoke(Unknown Source)\r\n\tat sun.reflect.DelegatingMethodAccessorImpl.invoke(Unknown Source)\r\n\tat java.lang.reflect.Method.invoke(Unknown Source)\r\n\tat org.testng.internal.MethodInvocationHelper.invokeMethod(MethodInvocationHelper.java:133)\r\n\tat org.testng.internal.TestInvoker.invokeMethod(TestInvoker.java:584)\r\n\tat org.testng.internal.TestInvoker.invokeTestMethod(TestInvoker.java:172)\r\n\tat org.testng.internal.MethodRunner.runInSequence(MethodRunner.java:46)\r\n\tat org.testng.internal.TestInvoker$MethodInvocationAgent.invoke(TestInvoker.java:804)\r\n\tat org.testng.internal.TestInvoker.invokeTestMethods(TestInvoker.java:145)\r\n\tat org.testng.internal.TestMethodWorker.invokeTestMethods(TestMethodWorker.java:146)\r\n\tat org.testng.internal.TestMethodWorker.run(TestMethodWorker.java:128)\r\n\tat java.util.ArrayList.forEach(Unknown Source)\r\n\tat org.testng.TestRunner.privateRun(TestRunner.java:770)\r\n\tat org.testng.TestRunner.run(TestRunner.java:591)\r\n\tat org.testng.SuiteRunner.runTest(SuiteRunner.java:402)\r\n\tat org.testng.SuiteRunner.runSequentially(SuiteRunner.java:396)\r\n\tat org.testng.SuiteRunner.privateRun(SuiteRunner.java:355)\r\n\tat org.testng.SuiteRunner.run(SuiteRunner.java:304)\r\n\tat org.testng.SuiteRunnerWorker.runSuite(SuiteRunnerWorker.java:53)\r\n\tat org.testng.SuiteRunnerWorker.run(SuiteRunnerWorker.java:96)\r\n\tat org.testng.TestNG.runSuitesSequentially(TestNG.java:1180)\r\n\tat org.testng.TestNG.runSuitesLocally(TestNG.java:1102)\r\n\tat org.testng.TestNG.runSuites(TestNG.java:1032)\r\n\tat org.testng.TestNG.run(TestNG.java:1000)\r\n\tat org.apache.maven.surefire.testng.TestNGExecutor.run(TestNGExecutor.java:283)\r\n\tat org.apache.maven.surefire.testng.TestNGXmlTestSuite.execute(TestNGXmlTestSuite.java:75)\r\n\tat org.apache.maven.surefire.testng.TestNGProvider.invoke(TestNGProvider.java:120)\r\n\tat org.apache.maven.surefire.booter.ForkedBooter.invokeProviderInSameClassLoader(ForkedBooter.java:384)\r\n\tat org.apache.maven.surefire.booter.ForkedBooter.runSuitesInProcess(ForkedBooter.java:345)\r\n\tat org.apache.maven.surefire.booter.ForkedBooter.execute(ForkedBooter.java:126)\r\n\tat org.apache.maven.surefire.booter.ForkedBooter.main(ForkedBooter.java:418)\r\n","flaky":false,"newFailed":false,"newBroken":false,"newPassed":false,"retriesCount":0,"retriesStatusChange":false,"beforeStages":[{"name":"startSession","time":{"start":1669618968632,"stop":1669618975231,"duration":6599},"description":"","status":"passed","steps":[],"attachments":[],"parameters":[],"hasContent":false,"stepsCount":0,"attachmentsCount":0,"shouldDisplayMessage":false},{"name":"beforeMethod","time":{"start":1669618975253,"stop":1669618975429,"duration":176},"description":"","status":"passed","steps":[],"attachments":[],"parameters":[],"hasContent":false,"stepsCount":0,"attachmentsCount":0,"shouldDisplayMessage":false}],"testStage":{"status":"failed","statusMessage":"expected [PR1ODUCTS] but found [PRODUCTS]","statusTrace":"java.lang.AssertionError: expected [PR1ODUCTS] but found [PRODUCTS]\r\n\tat org.testng.Assert.fail(Assert.java:97)\r\n\tat org.testng.Assert.assertEqualsImpl(Assert.java:136)\r\n\tat org.testng.Assert.assertEquals(Assert.java:118)\r\n\tat org.testng.Assert.assertEquals(Assert.java:575)\r\n\tat org.testng.Assert.assertEquals(Assert.java:585)\r\n\tat extensions.Verfications.veryfiTextElements(Verfications.java:13)\r\n\tat sanity.SaucedemoWeb.test01(SaucedemoWeb.java:15)\r\n\tat sun.reflect.NativeMethodAccessorImpl.invoke0(Native Method)\r\n\tat sun.reflect.NativeMethodAccessorImpl.invoke(Unknown Source)\r\n\tat sun.reflect.DelegatingMethodAccessorImpl.invoke(Unknown Source)\r\n\tat java.lang.reflect.Method.invoke(Unknown Source)\r\n\tat org.testng.internal.MethodInvocationHelper.invokeMethod(MethodInvocationHelper.java:133)\r\n\tat org.testng.internal.TestInvoker.invokeMethod(TestInvoker.java:584)\r\n\tat org.testng.internal.TestInvoker.invokeTestMethod(TestInvoker.java:172)\r\n\tat org.testng.internal.MethodRunner.runInSequence(MethodRunner.java:46)\r\n\tat org.testng.internal.TestInvoker$MethodInvocationAgent.invoke(TestInvoker.java:804)\r\n\tat org.testng.internal.TestInvoker.invokeTestMethods(TestInvoker.java:145)\r\n\tat org.testng.internal.TestMethodWorker.invokeTestMethods(TestMethodWorker.java:146)\r\n\tat org.testng.internal.TestMethodWorker.run(TestMethodWorker.java:128)\r\n\tat java.util.ArrayList.forEach(Unknown Source)\r\n\tat org.testng.TestRunner.privateRun(TestRunner.java:770)\r\n\tat org.testng.TestRunner.run(TestRunner.java:591)\r\n\tat org.testng.SuiteRunner.runTest(SuiteRunner.java:402)\r\n\tat org.testng.SuiteRunner.runSequentially(SuiteRunner.java:396)\r\n\tat org.testng.SuiteRunner.privateRun(SuiteRunner.java:355)\r\n\tat org.testng.SuiteRunner.run(SuiteRunner.java:304)\r\n\tat org.testng.SuiteRunnerWorker.runSuite(SuiteRunnerWorker.java:53)\r\n\tat org.testng.SuiteRunnerWorker.run(SuiteRunnerWorker.java:96)\r\n\tat org.testng.TestNG.runSuitesSequentially(TestNG.java:1180)\r\n\tat org.testng.TestNG.runSuitesLocally(TestNG.java:1102)\r\n\tat org.testng.TestNG.runSuites(TestNG.java:1032)\r\n\tat org.testng.TestNG.run(TestNG.java:1000)\r\n\tat org.apache.maven.surefire.testng.TestNGExecutor.run(TestNGExecutor.java:283)\r\n\tat org.apache.maven.surefire.testng.TestNGXmlTestSuite.execute(TestNGXmlTestSuite.java:75)\r\n\tat org.apache.maven.surefire.testng.TestNGProvider.invoke(TestNGProvider.java:120)\r\n\tat org.apache.maven.surefire.booter.ForkedBooter.invokeProviderInSameClassLoader(ForkedBooter.java:384)\r\n\tat org.apache.maven.surefire.booter.ForkedBooter.runSuitesInProcess(ForkedBooter.java:345)\r\n\tat org.apache.maven.surefire.booter.ForkedBooter.execute(ForkedBooter.java:126)\r\n\tat org.apache.maven.surefire.booter.ForkedBooter.main(ForkedBooter.java:418)\r\n","steps":[{"name":"WebFlows_Login","time":{"start":1669618975715,"stop":1669618976567,"duration":852},"status":"passed","steps":[{"name":"sendkeys_element","time":{"start":1669618975760,"stop":1669618976041,"duration":281},"status":"passed","steps":[],"attachments":[],"parameters":[{"name":"elem","value":"[[ChromeDriver: chrome on WINDOWS (9d7b3d715c524bc4379bf46d86b66047)] -> xpath: //input[@id='user-name']]"},{"name":"text","value":"standard_user"}],"hasContent":true,"stepsCount":0,"attachmentsCount":0,"shouldDisplayMessage":false},{"name":"sendkeys_element","time":{"start":1669618976074,"stop":1669618976274,"duration":200},"status":"passed","steps":[],"attachments":[],"parameters":[{"name":"elem","value":"[[ChromeDriver: chrome on WINDOWS (9d7b3d715c524bc4379bf46d86b66047)] -> xpath: //input[@id='password']]"},{"name":"text","value":"secret_sauce"}],"hasContent":true,"stepsCount":0,"attachmentsCount":0,"shouldDisplayMessage":false},{"name":"clice_on_element","time":{"start":1669618976300,"stop":1669618976567,"duration":267},"status":"passed","steps":[],"attachments":[],"parameters":[{"name":"elem","value":"[[ChromeDriver: chrome on WINDOWS (9d7b3d715c524bc4379bf46d86b66047)] -> xpath: //input[@id='login-button']]"}],"hasContent":true,"stepsCount":0,"attachmentsCount":0,"shouldDisplayMessage":false}],"attachments":[],"parameters":[{"name":"user","value":"standard_user"},{"name":"pass","value":"secret_sauce"}],"hasContent":true,"stepsCount":3,"attachmentsCount":0,"shouldDisplayMessage":false}],"attachments":[{"uid":"aadd27c756153875","name":"Page Screen-Shot","source":"aadd27c756153875.png","type":"image/png","size":656186}],"parameters":[],"hasContent":true,"stepsCount":4,"attachmentsCount":1,"shouldDisplayMessage":true},"afterStages":[{"name":"logout","time":{"start":1669618977438,"stop":1669618978366,"duration":928},"description":"","status":"passed","steps":[{"name":"WebFlows_Logout","time":{"start":1669618977438,"stop":1669618978366,"duration":928},"status":"passed","steps":[{"name":"clice_on_element","time":{"start":1669618977465,"stop":1669618977590,"duration":125},"status":"passed","steps":[],"attachments":[],"parameters":[{"name":"elem","value":"[[ChromeDriver: chrome on WINDOWS (9d7b3d715c524bc4379bf46d86b66047)] -> xpath: //button[@id='react-burger-menu-btn']]"}],"hasContent":true,"stepsCount":0,"attachmentsCount":0,"shouldDisplayMessage":false},{"name":"clice_on_element","time":{"start":1669618977604,"stop":1669618978253,"duration":649},"status":"passed","steps":[],"attachments":[],"parameters":[{"name":"elem","value":"[[ChromeDriver: chrome on WINDOWS (9d7b3d715c524bc4379bf46d86b66047)] -> xpath: //a[@id='reset_sidebar_link']]"}],"hasContent":true,"stepsCount":0,"attachmentsCount":0,"shouldDisplayMessage":false},{"name":"clice_on_element","time":{"start":1669618978265,"stop":1669618978366,"duration":101},"status":"passed","steps":[],"attachments":[],"parameters":[{"name":"elem","value":"[[ChromeDriver: chrome on WINDOWS (9d7b3d715c524bc4379bf46d86b66047)] -> xpath: //a[@id='logout_sidebar_link']]"}],"hasContent":true,"stepsCount":0,"attachmentsCount":0,"shouldDisplayMessage":false}],"attachments":[],"parameters":[],"hasContent":true,"stepsCount":3,"attachmentsCount":0,"shouldDisplayMessage":false}],"attachments":[],"parameters":[],"hasContent":true,"stepsCount":4,"attachmentsCount":0,"shouldDisplayMessage":false},{"name":"closeSession","time":{"start":1669618984908,"stop":1669618985109,"duration":201},"description":"","status":"passed","steps":[],"attachments":[],"parameters":[],"hasContent":false,"stepsCount":0,"attachmentsCount":0,"shouldDisplayMessage":false}],"labels":[{"name":"package","value":"sanity.SaucedemoWeb"},{"name":"testClass","value":"sanity.SaucedemoWeb"},{"name":"testMethod","value":"test01"},{"name":"parentSuite","value":"Suite"},{"name":"suite","value":"test"},{"name":"subSuite","value":"sanity.SaucedemoWeb"},{"name":"host","value":"L-P-MOSHEBN-WW"},{"name":"thread","value":"13900@L-P-MOSHEBN-WW.main(1)"},{"name":"framework","value":"testng"},{"name":"language","value":"java"},{"name":"resultFormat","value":"allure2"}],"parameters":[],"links":[],"hidden":true,"retry":true,"extra":{"categories":[],"tags":[]},"source":"c927e262143b1593.json","parameterValues":[]}